d:\vs_projects\cpp_learning\cpp_learning\cpp_learning\x64\debug\vc141.pdb
d:\vs_projects\cpp_learning\cpp_learning\cpp_learning\x64\debug\vc141.idb
d:\vs_projects\cpp_learning\cpp_learning\cpp_learning\x64\debug\newmatex.obj
d:\vs_projects\cpp_learning\cpp_learning\cpp_learning\x64\debug\newmat9.obj
d:\vs_projects\cpp_learning\cpp_learning\cpp_learning\x64\debug\newmat8.obj
d:\vs_projects\cpp_learning\cpp_learning\cpp_learning\x64\debug\newmat7.obj
d:\vs_projects\cpp_learning\cpp_learning\cpp_learning\x64\debug\newmat6.obj
d:\vs_projects\cpp_learning\cpp_learning\cpp_learning\x64\debug\newmat5.obj
d:\vs_projects\cpp_learning\cpp_learning\cpp_learning\x64\debug\newmat4.obj
d:\vs_projects\cpp_learning\cpp_learning\cpp_learning\x64\debug\newmat3.obj
d:\vs_projects\cpp_learning\cpp_learning\cpp_learning\x64\debug\newmat2.obj
d:\vs_projects\cpp_learning\cpp_learning\cpp_learning\x64\debug\newmat1.obj
d:\vs_projects\cpp_learning\cpp_learning\cpp_learning\x64\debug\newfft.obj
d:\vs_projects\cpp_learning\cpp_learning\cpp_learning\x64\debug\myexcept.obj
d:\vs_projects\cpp_learning\cpp_learning\cpp_learning\x64\debug\jacobi.obj
d:\vs_projects\cpp_learning\cpp_learning\cpp_learning\x64\debug\hholder.obj
d:\vs_projects\cpp_learning\cpp_learning\cpp_learning\x64\debug\garch.obj
d:\vs_projects\cpp_learning\cpp_learning\cpp_learning\x64\debug\fft.obj
d:\vs_projects\cpp_learning\cpp_learning\cpp_learning\x64\debug\example.obj
d:\vs_projects\cpp_learning\cpp_learning\cpp_learning\x64\debug\evalue.obj
d:\vs_projects\cpp_learning\cpp_learning\cpp_learning\x64\debug\cholesky.obj
d:\vs_projects\cpp_learning\cpp_learning\cpp_learning\x64\debug\bandmat.obj
d:\vs_projects\cpp_learning\cpp_learning\cpp_learning\x64\debug\tmta.obj
d:\vs_projects\cpp_learning\cpp_learning\cpp_learning\x64\debug\tmt9.obj
d:\vs_projects\cpp_learning\cpp_learning\cpp_learning\x64\debug\tmt8.obj
d:\vs_projects\cpp_learning\cpp_learning\cpp_learning\x64\debug\tmt7.obj
d:\vs_projects\cpp_learning\cpp_learning\cpp_learning\x64\debug\tmt6.obj
d:\vs_projects\cpp_learning\cpp_learning\cpp_learning\x64\debug\tmt5.obj
d:\vs_projects\cpp_learning\cpp_learning\cpp_learning\x64\debug\tmt4.obj
d:\vs_projects\cpp_learning\cpp_learning\cpp_learning\x64\debug\tmt3.obj
d:\vs_projects\cpp_learning\cpp_learning\cpp_learning\x64\debug\tmt2.obj
d:\vs_projects\cpp_learning\cpp_learning\cpp_learning\x64\debug\tmt1.obj
d:\vs_projects\cpp_learning\cpp_learning\cpp_learning\x64\debug\tmt.obj
d:\vs_projects\cpp_learning\cpp_learning\cpp_learning\x64\debug\test_exc.obj
d:\vs_projects\cpp_learning\cpp_learning\cpp_learning\x64\debug\svd.obj
d:\vs_projects\cpp_learning\cpp_learning\cpp_learning\x64\debug\submat.obj
d:\vs_projects\cpp_learning\cpp_learning\cpp_learning\x64\debug\sort.obj
d:\vs_projects\cpp_learning\cpp_learning\cpp_learning\x64\debug\solution.obj
d:\vs_projects\cpp_learning\cpp_learning\cpp_learning\x64\debug\sl_ex.obj
d:\vs_projects\cpp_learning\cpp_learning\cpp_learning\x64\debug\nl_ex.obj
d:\vs_projects\cpp_learning\cpp_learning\cpp_learning\x64\debug\newmatrm.obj
d:\vs_projects\cpp_learning\cpp_learning\cpp_learning\x64\debug\newmatnl.obj
d:\vs_projects\cpp_learning\cpp_learning\cpp_learning\x64\debug\tricycle.obj
d:\vs_projects\cpp_learning\cpp_learning\cpp_learning\x64\debug\rectangle.obj
d:\vs_projects\cpp_learning\cpp_learning\cpp_learning\x64\debug\tmtm.obj
d:\vs_projects\cpp_learning\cpp_learning\cpp_learning\x64\debug\tmtl.obj
d:\vs_projects\cpp_learning\cpp_learning\cpp_learning\x64\debug\tmtk.obj
d:\vs_projects\cpp_learning\cpp_learning\cpp_learning\x64\debug\tmtj.obj
d:\vs_projects\cpp_learning\cpp_learning\cpp_learning\x64\debug\tmti.obj
d:\vs_projects\cpp_learning\cpp_learning\cpp_learning\x64\debug\tmth.obj
d:\vs_projects\cpp_learning\cpp_learning\cpp_learning\x64\debug\tmtg.obj
d:\vs_projects\cpp_learning\cpp_learning\cpp_learning\x64\debug\tmtf.obj
d:\vs_projects\cpp_learning\cpp_learning\cpp_learning\x64\debug\tmte.obj
d:\vs_projects\cpp_learning\cpp_learning\cpp_learning\x64\debug\tmtd.obj
d:\vs_projects\cpp_learning\cpp_learning\cpp_learning\x64\debug\tmtc.obj
d:\vs_projects\cpp_learning\cpp_learning\cpp_learning\x64\debug\tmtb.obj
d:\vs_projects\cpp_learning\cpp_learning\x64\debug\cpp_learning.pdb
d:\vs_projects\cpp_learning\cpp_learning\cpp_learning\x64\debug\cpp_learning.tlog\cl.command.1.tlog
d:\vs_projects\cpp_learning\cpp_learning\cpp_learning\x64\debug\cpp_learning.tlog\cl.read.1.tlog
d:\vs_projects\cpp_learning\cpp_learning\cpp_learning\x64\debug\cpp_learning.tlog\cl.write.1.tlog
